This is pdfTeX, Version 3.141592653-2.6-1.40.25 (TeX Live 2023) (preloaded format=pdflatex 2023.4.3)  22 SEP 2025 12:28
entering extended mode
 restricted \write18 enabled.
 %&-line parsing enabled.
**main.tex
(./main.tex
LaTeX2e <2022-11-01> patch level 1
L3 programming layer <2023-02-22>
(/usr/local/texlive/2023/texmf-dist/tex/latex/elsarticle/elsarticle.cls
Document Class: elsarticle 2020/11/20, 3.3: Elsevier Ltd
(/usr/local/texlive/2023/texmf-dist/tex/latex/l3kernel/expl3.sty
Package: expl3 2023-02-22 L3 programming layer (loader) 

(/usr/local/texlive/2023/texmf-dist/tex/latex/l3backend/l3backend-pdftex.def
File: l3backend-pdftex.def 2023-01-16 L3 backend support: PDF output (pdfTeX)
\l__color_backend_stack_int=\count185
\l__pdf_internal_box=\box51
))
(/usr/local/texlive/2023/texmf-dist/tex/latex/l3packages/xparse/xparse.sty
Package: xparse 2023-02-02 L3 Experimental document command parser
)
(/usr/local/texlive/2023/texmf-dist/tex/latex/etoolbox/etoolbox.sty
Package: etoolbox 2020/10/05 v2.5k e-TeX tools for LaTeX (JAW)
\etb@tempcnta=\count186
)
\@bls=\dimen140

(/usr/local/texlive/2023/texmf-dist/tex/latex/base/article.cls
Document Class: article 2022/07/02 v1.4n Standard LaTeX document class
(/usr/local/texlive/2023/texmf-dist/tex/latex/base/size12.clo
File: size12.clo 2022/07/02 v1.4n Standard LaTeX file (size option)
)
\c@part=\count187
\c@section=\count188
\c@subsection=\count189
\c@subsubsection=\count190
\c@paragraph=\count191
\c@subparagraph=\count192
\c@figure=\count193
\c@table=\count194
\abovecaptionskip=\skip48
\belowcaptionskip=\skip49
\bibindent=\dimen141
)
(/usr/local/texlive/2023/texmf-dist/tex/latex/graphics/graphicx.sty
Package: graphicx 2021/09/16 v1.2d Enhanced LaTeX Graphics (DPC,SPQR)

(/usr/local/texlive/2023/texmf-dist/tex/latex/graphics/keyval.sty
Package: keyval 2022/05/29 v1.15 key=value parser (DPC)
\KV@toks@=\toks16
)
(/usr/local/texlive/2023/texmf-dist/tex/latex/graphics/graphics.sty
Package: graphics 2022/03/10 v1.4e Standard LaTeX Graphics (DPC,SPQR)

(/usr/local/texlive/2023/texmf-dist/tex/latex/graphics/trig.sty
Package: trig 2021/08/11 v1.11 sin cos tan (DPC)
)
(/usr/local/texlive/2023/texmf-dist/tex/latex/graphics-cfg/graphics.cfg
File: graphics.cfg 2016/06/04 v1.11 sample graphics configuration
)
Package graphics Info: Driver file: pdftex.def on input line 107.

(/usr/local/texlive/2023/texmf-dist/tex/latex/graphics-def/pdftex.def
File: pdftex.def 2022/09/22 v1.2b Graphics/color driver for pdftex
))
\Gin@req@height=\dimen142
\Gin@req@width=\dimen143
)
\c@tnote=\count195
\c@fnote=\count196
\c@cnote=\count197
\c@ead=\count198
\c@author=\count199
\@eadauthor=\toks17
\c@affn=\count266
\absbox=\box52
\elsarticlehighlightsbox=\box53
\elsarticlegrabsbox=\box54
\keybox=\box55
\Columnwidth=\dimen144
\space@left=\dimen145
\els@boxa=\box56
\els@boxb=\box57
\leftMargin=\dimen146
\@enLab=\toks18
\@sep=\skip50
\@@sep=\skip51

(./main.spl) (/usr/local/texlive/2023/texmf-dist/tex/latex/natbib/natbib.sty
Package: natbib 2010/09/13 8.31b (PWD, AO)
\bibhang=\skip52
\bibsep=\skip53
LaTeX Info: Redefining \cite on input line 694.
\c@NAT@ctr=\count267
)
\splwrite=\write3
\openout3 = `main.spl'.

\appnamewidth=\dimen147
)
(/usr/local/texlive/2023/texmf-dist/tex/latex/base/latexsym.sty
Package: latexsym 1998/08/17 v2.2e Standard LaTeX package (lasy symbols)
\symlasy=\mathgroup4
LaTeX Font Info:    Overwriting symbol font `lasy' in version `bold'
(Font)                  U/lasy/m/n --> U/lasy/b/n on input line 52.
)
(/usr/local/texlive/2023/texmf-dist/tex/latex/pstricks/pstricks.sty
Package: pstricks 2022/19/23 v0.72 LaTeX wrapper for `PSTricks' (RN,HV)

(/usr/local/texlive/2023/texmf-dist/tex/generic/iftex/iftex.sty
Package: iftex 2022/02/03 v1.0f TeX engine tests
)
(/usr/local/texlive/2023/texmf-dist/tex/latex/xcolor/xcolor.sty
Package: xcolor 2022/06/12 v2.14 LaTeX color extensions (UK)

(/usr/local/texlive/2023/texmf-dist/tex/latex/graphics-cfg/color.cfg
File: color.cfg 2016/01/02 v1.6 sample color configuration
)
Package xcolor Info: Driver file: pdftex.def on input line 227.

(/usr/local/texlive/2023/texmf-dist/tex/latex/graphics/mathcolor.ltx)
Package xcolor Info: Model `cmy' substituted by `cmy0' on input line 1353.
Package xcolor Info: Model `hsb' substituted by `rgb' on input line 1357.
Package xcolor Info: Model `RGB' extended on input line 1369.
Package xcolor Info: Model `HTML' substituted by `rgb' on input line 1371.
Package xcolor Info: Model `Hsb' substituted by `hsb' on input line 1372.
Package xcolor Info: Model `tHsb' substituted by `hsb' on input line 1373.
Package xcolor Info: Model `HSB' substituted by `hsb' on input line 1374.
Package xcolor Info: Model `Gray' substituted by `gray' on input line 1375.
Package xcolor Info: Model `wave' substituted by `hsb' on input line 1376.
)
(/usr/local/texlive/2023/texmf-dist/tex/generic/xkeyval/pst-xkey.tex
File: pst-xkey.tex 2005/11/25 v1.6 PSTricks specialization of xkeyval (HA)

(/usr/local/texlive/2023/texmf-dist/tex/latex/xkeyval/xkeyval.sty
Package: xkeyval 2022/06/16 v2.9 package option processing (HA)

(/usr/local/texlive/2023/texmf-dist/tex/generic/xkeyval/xkeyval.tex
(/usr/local/texlive/2023/texmf-dist/tex/generic/xkeyval/xkvutils.tex
\XKV@toks=\toks19
\XKV@tempa@toks=\toks20
)
\XKV@depth=\count268
File: xkeyval.tex 2014/12/03 v2.7a key=value parser (HA)
)))
(/usr/local/texlive/2023/texmf-dist/tex/generic/pstricks/pstricks.tex
(/usr/local/texlive/2023/texmf-dist/tex/generic/pstricks/pst-fp.tex
`pst-fp' v0.06, 2020/11/20 (hv)
\pstFP@xs=\count269
\pstFP@xia=\count270
\pstFP@xib=\count271
\pstFP@xfa=\count272
\pstFP@xfb=\count273
\pstFP@rega=\count274
\pstFP@regb=\count275
\pstFP@regs=\count276
\pstFP@times=\count277
)
(/usr/local/texlive/2023/texmf-dist/tex/latex/pgf/utilities/pgffor.sty
(/usr/local/texlive/2023/texmf-dist/tex/latex/pgf/utilities/pgfrcs.sty
(/usr/local/texlive/2023/texmf-dist/tex/generic/pgf/utilities/pgfutil-common.te
x
\pgfutil@everybye=\toks21
\pgfutil@tempdima=\dimen148
\pgfutil@tempdimb=\dimen149
)
(/usr/local/texlive/2023/texmf-dist/tex/generic/pgf/utilities/pgfutil-latex.def
\pgfutil@abb=\box58
) (/usr/local/texlive/2023/texmf-dist/tex/generic/pgf/utilities/pgfrcs.code.tex
(/usr/local/texlive/2023/texmf-dist/tex/generic/pgf/pgf.revision.tex)
Package: pgfrcs 2023-01-15 v3.1.10 (3.1.10)
))
(/usr/local/texlive/2023/texmf-dist/tex/latex/pgf/utilities/pgfkeys.sty
(/usr/local/texlive/2023/texmf-dist/tex/generic/pgf/utilities/pgfkeys.code.tex
\pgfkeys@pathtoks=\toks22
\pgfkeys@temptoks=\toks23

(/usr/local/texlive/2023/texmf-dist/tex/generic/pgf/utilities/pgfkeyslibraryfil
tered.code.tex
\pgfkeys@tmptoks=\toks24
)))
(/usr/local/texlive/2023/texmf-dist/tex/latex/pgf/math/pgfmath.sty
(/usr/local/texlive/2023/texmf-dist/tex/generic/pgf/math/pgfmath.code.tex
(/usr/local/texlive/2023/texmf-dist/tex/generic/pgf/math/pgfmathutil.code.tex
\pgf@x=\dimen150
\pgf@xa=\dimen151
\pgf@xb=\dimen152
\pgf@xc=\dimen153
\pgf@y=\dimen154
\pgf@ya=\dimen155
\pgf@yb=\dimen156
\pgf@yc=\dimen157
\c@pgf@counta=\count278
\c@pgf@countb=\count279
\c@pgf@countc=\count280
\c@pgf@countd=\count281
)
(/usr/local/texlive/2023/texmf-dist/tex/generic/pgf/math/pgfmathparser.code.tex
\pgfmath@dimen=\dimen158
\pgfmath@count=\count282
\pgfmath@box=\box59
\pgfmath@toks=\toks25
\pgfmath@stack@operand=\toks26
\pgfmath@stack@operation=\toks27
)
(/usr/local/texlive/2023/texmf-dist/tex/generic/pgf/math/pgfmathfunctions.code.
tex)
(/usr/local/texlive/2023/texmf-dist/tex/generic/pgf/math/pgfmathfunctions.basic
.code.tex)
(/usr/local/texlive/2023/texmf-dist/tex/generic/pgf/math/pgfmathfunctions.trigo
nometric.code.tex)
(/usr/local/texlive/2023/texmf-dist/tex/generic/pgf/math/pgfmathfunctions.rando
m.code.tex)
(/usr/local/texlive/2023/texmf-dist/tex/generic/pgf/math/pgfmathfunctions.compa
rison.code.tex)
(/usr/local/texlive/2023/texmf-dist/tex/generic/pgf/math/pgfmathfunctions.base.
code.tex)
(/usr/local/texlive/2023/texmf-dist/tex/generic/pgf/math/pgfmathfunctions.round
.code.tex)
(/usr/local/texlive/2023/texmf-dist/tex/generic/pgf/math/pgfmathfunctions.misc.
code.tex)
(/usr/local/texlive/2023/texmf-dist/tex/generic/pgf/math/pgfmathfunctions.integ
erarithmetics.code.tex)
(/usr/local/texlive/2023/texmf-dist/tex/generic/pgf/math/pgfmathcalc.code.tex)
(/usr/local/texlive/2023/texmf-dist/tex/generic/pgf/math/pgfmathfloat.code.tex
\c@pgfmathroundto@lastzeros=\count283
)))
(/usr/local/texlive/2023/texmf-dist/tex/generic/pgf/utilities/pgffor.code.tex
Package: pgffor 2023-01-15 v3.1.10 (3.1.10)
\pgffor@iter=\dimen159
\pgffor@skip=\dimen160
\pgffor@stack=\toks28
\pgffor@toks=\toks29
))
\psLoopIndex=\count284
`PSTricks' v3.18  <2022/11/28> (tvz,hv)
\pst@dima=\dimen161
\pst@dimb=\dimen162
\pst@dimc=\dimen163
\pst@dimd=\dimen164
\pst@dimg=\dimen165
\pst@dimh=\dimen166
\pst@dimm=\dimen167
\pst@dimn=\dimen168
\pst@dimo=\dimen169
\pst@dimp=\dimen170
\pst@hbox=\box60
\pst@ibox=\box61
\pst@boxg=\box62
\pst@cnta=\count285
\pst@cntb=\count286
\pst@cntc=\count287
\pst@cntd=\count288
\pst@cntg=\count289
\pst@cnth=\count290
\pst@cntm=\count291
\pst@cntn=\count292
\pst@cnto=\count293
\pst@cntp=\count294
\@zero=\count295
\pst@toks=\toks30
--- We are running latex or xelatex ---
(/usr/local/texlive/2023/texmf-dist/tex/generic/pstricks/pstricks.con)
(/usr/local/texlive/2023/texmf-dist/tex/generic/pstricks/pstricks-color.tex)
\psunit=\dimen171
\psxunit=\dimen172
\psyunit=\dimen173
\pst@C@@rType=\count296
\pslinewidth=\dimen174
\psk@startLW=\dimen175
\psk@endLW=\dimen176

(/usr/local/texlive/2023/texmf-dist/tex/generic/pstricks/pstricks-arrows.tex
\pshooklength=\dimen177
\pshookwidth=\dimen178
)
\pst@customdefs=\toks31

(/usr/local/texlive/2023/texmf-dist/tex/generic/pstricks/pstricks-dots.tex)
\pslinearc=\dimen179
\pst@symbolStep=\dimen180
\pst@symbolWidth=\dimen181
\pst@symbolLinewidth=\dimen182
\everypsbox=\toks32
\psframesep=\dimen183
\pslabelsep=\dimen184
\sh@wgridXunit=\dimen185
\sh@wgridYunit=\dimen186
\pst@shift=\dimen187
\ps@imagectr=\count297

(/usr/local/texlive/2023/texmf-dist/tex/generic/pstricks/pstricks.con))
File: pstricks.tex 2022/11/28 v3.18 `PSTricks' (tvz,hv)

(/usr/local/texlive/2023/texmf-dist/tex/generic/pstricks/pst-fp.tex
`pst-fp' v0.06, 2020/11/20 (hv))
File: pst-fp.tex 2020/11/20 v0.06 `PST-fp' (hv)
)
(/usr/local/texlive/2023/texmf-dist/tex/latex/pst-node/pst-node.sty
Package: pst-node 2012/09/18 v1.01 LaTeX wrapper for `pst-node' (HV)
Package: pst-node 2010/04/22 package wrapper for pst-node.tex

(/usr/local/texlive/2023/texmf-dist/tex/generic/pst-node/pst-node.tex
 v1.43, 2022/01/31
\psrow=\count298
\pscol=\count299
\psmatrixcnt=\count300
\psrowsep=\skip54
\pscolsep=\skip55
\pst@args=\count301
\num@pts=\count302
\pst@argcnt=\count303
)
File: pst-node.tex 2022/01/31 1.43 `pst-node' (tvz,hv)
)
(/usr/local/texlive/2023/texmf-dist/tex/latex/pst-text/pst-text.sty
Package: pst-text 2018/12/28 package wrapper for pst-text.tex (hv)

(/usr/local/texlive/2023/texmf-dist/tex/generic/pst-text/pst-text.tex
 v1.01, 2018/12/22(tvz,hv))
File: pst-text.tex 2018/12/22 1.01 `pst-text' (tvz)
)
(/usr/local/texlive/2023/texmf-dist/tex/latex/pst-3d/pst-3d.sty
Package: pst-3d 2009/07/28 package wrapper for pst-3d.tex (hv)

(/usr/local/texlive/2023/texmf-dist/tex/generic/pst-3d/pst-3d.tex
`PST-3d' v1.11, 2010/02/14 (tvz))
File: pst-3d.tex 2010/02/14 v1.11 `PST-3d' (hv)
)
(/usr/local/texlive/2023/texmf-dist/tex/latex/amsfonts/amssymb.sty
Package: amssymb 2013/01/14 v3.01 AMS font symbols

(/usr/local/texlive/2023/texmf-dist/tex/latex/amsfonts/amsfonts.sty
Package: amsfonts 2013/01/14 v3.01 Basic AMSFonts support
\@emptytoks=\toks33
\symAMSa=\mathgroup5
\symAMSb=\mathgroup6
LaTeX Font Info:    Redeclaring math symbol \hbar on input line 98.
LaTeX Font Info:    Overwriting math alphabet `\mathfrak' in version `bold'
(Font)                  U/euf/m/n --> U/euf/b/n on input line 106.
))
(/usr/local/texlive/2023/texmf-dist/tex/latex/amsmath/amsmath.sty
Package: amsmath 2022/04/08 v2.17n AMS math features
\@mathmargin=\skip56

For additional information on amsmath, use the `?' option.
(/usr/local/texlive/2023/texmf-dist/tex/latex/amsmath/amstext.sty
Package: amstext 2021/08/26 v2.01 AMS text

(/usr/local/texlive/2023/texmf-dist/tex/latex/amsmath/amsgen.sty
File: amsgen.sty 1999/11/30 v2.0 generic functions
\@emptytoks=\toks34
\ex@=\dimen188
))
(/usr/local/texlive/2023/texmf-dist/tex/latex/amsmath/amsbsy.sty
Package: amsbsy 1999/11/29 v1.2d Bold Symbols
\pmbraise@=\dimen189
)
(/usr/local/texlive/2023/texmf-dist/tex/latex/amsmath/amsopn.sty
Package: amsopn 2022/04/08 v2.04 operator names
)
\inf@bad=\count304
LaTeX Info: Redefining \frac on input line 234.
\uproot@=\count305
\leftroot@=\count306
LaTeX Info: Redefining \overline on input line 399.
LaTeX Info: Redefining \colon on input line 410.
\classnum@=\count307
\DOTSCASE@=\count308
LaTeX Info: Redefining \ldots on input line 496.
LaTeX Info: Redefining \dots on input line 499.
LaTeX Info: Redefining \cdots on input line 620.
\Mathstrutbox@=\box63
\strutbox@=\box64
LaTeX Info: Redefining \big on input line 722.
LaTeX Info: Redefining \Big on input line 723.
LaTeX Info: Redefining \bigg on input line 724.
LaTeX Info: Redefining \Bigg on input line 725.
\big@size=\dimen190
LaTeX Font Info:    Redeclaring font encoding OML on input line 743.
LaTeX Font Info:    Redeclaring font encoding OMS on input line 744.
\macc@depth=\count309
LaTeX Info: Redefining \bmod on input line 905.
LaTeX Info: Redefining \pmod on input line 910.
LaTeX Info: Redefining \smash on input line 940.
LaTeX Info: Redefining \relbar on input line 970.
LaTeX Info: Redefining \Relbar on input line 971.
\c@MaxMatrixCols=\count310
\dotsspace@=\muskip16
\c@parentequation=\count311
\dspbrk@lvl=\count312
\tag@help=\toks35
\row@=\count313
\column@=\count314
\maxfields@=\count315
\andhelp@=\toks36
\eqnshift@=\dimen191
\alignsep@=\dimen192
\tagshift@=\dimen193
\tagwidth@=\dimen194
\totwidth@=\dimen195
\lineht@=\dimen196
\@envbody=\toks37
\multlinegap=\skip57
\multlinetaggap=\skip58
\mathdisplay@stack=\toks38
LaTeX Info: Redefining \[ on input line 2953.
LaTeX Info: Redefining \] on input line 2954.
)
(/usr/local/texlive/2023/texmf-dist/tex/latex/amsmath/amscd.sty
Package: amscd 2017/04/14 v2.1 AMS Commutative Diagrams
\athelp@=\toks39
\minaw@=\dimen197
\bigaw@=\dimen198
\minCDarrowwidth=\dimen199
)
(/usr/local/texlive/2023/texmf-dist/tex/latex/psnfss/mathptmx.sty
Package: mathptmx 2020/03/25 PSNFSS-v9.3 Times w/ Math, improved (SPQR, WaS) 
LaTeX Font Info:    Redeclaring symbol font `operators' on input line 28.
LaTeX Font Info:    Overwriting symbol font `operators' in version `normal'
(Font)                  OT1/cmr/m/n --> OT1/ztmcm/m/n on input line 28.
LaTeX Font Info:    Overwriting symbol font `operators' in version `bold'
(Font)                  OT1/cmr/bx/n --> OT1/ztmcm/m/n on input line 28.
LaTeX Font Info:    Redeclaring symbol font `letters' on input line 29.
LaTeX Font Info:    Overwriting symbol font `letters' in version `normal'
(Font)                  OML/cmm/m/it --> OML/ztmcm/m/it on input line 29.
LaTeX Font Info:    Overwriting symbol font `letters' in version `bold'
(Font)                  OML/cmm/b/it --> OML/ztmcm/m/it on input line 29.
LaTeX Font Info:    Redeclaring symbol font `symbols' on input line 30.
LaTeX Font Info:    Overwriting symbol font `symbols' in version `normal'
(Font)                  OMS/cmsy/m/n --> OMS/ztmcm/m/n on input line 30.
LaTeX Font Info:    Overwriting symbol font `symbols' in version `bold'
(Font)                  OMS/cmsy/b/n --> OMS/ztmcm/m/n on input line 30.
LaTeX Font Info:    Redeclaring symbol font `largesymbols' on input line 31.
LaTeX Font Info:    Overwriting symbol font `largesymbols' in version `normal'
(Font)                  OMX/cmex/m/n --> OMX/ztmcm/m/n on input line 31.
LaTeX Font Info:    Overwriting symbol font `largesymbols' in version `bold'
(Font)                  OMX/cmex/m/n --> OMX/ztmcm/m/n on input line 31.
\symbold=\mathgroup7
\symitalic=\mathgroup8
LaTeX Font Info:    Redeclaring math alphabet \mathbf on input line 34.
LaTeX Font Info:    Overwriting math alphabet `\mathbf' in version `normal'
(Font)                  OT1/cmr/bx/n --> OT1/ptm/bx/n on input line 34.
LaTeX Font Info:    Overwriting math alphabet `\mathbf' in version `bold'
(Font)                  OT1/cmr/bx/n --> OT1/ptm/bx/n on input line 34.
LaTeX Font Info:    Redeclaring math alphabet \mathit on input line 35.
LaTeX Font Info:    Overwriting math alphabet `\mathit' in version `normal'
(Font)                  OT1/cmr/m/it --> OT1/ptm/m/it on input line 35.
LaTeX Font Info:    Overwriting math alphabet `\mathit' in version `bold'
(Font)                  OT1/cmr/bx/it --> OT1/ptm/m/it on input line 35.
LaTeX Info: Redefining \hbar on input line 50.
)
(/usr/local/texlive/2023/texmf-dist/tex/latex/jknapltx/mathrsfs.sty
Package: mathrsfs 1996/01/01 Math RSFS package v1.0 (jk)
\symrsfs=\mathgroup9
)
(/usr/local/texlive/2023/texmf-dist/tex/latex/mathtools/mathtools.sty
Package: mathtools 2022/06/29 v1.29 mathematical typesetting tools

(/usr/local/texlive/2023/texmf-dist/tex/latex/tools/calc.sty
Package: calc 2017/05/25 v4.3 Infix arithmetic (KKT,FJ)
\calc@Acount=\count316
\calc@Bcount=\count317
\calc@Adimen=\dimen256
\calc@Bdimen=\dimen257
\calc@Askip=\skip59
\calc@Bskip=\skip60
LaTeX Info: Redefining \setlength on input line 80.
LaTeX Info: Redefining \addtolength on input line 81.
\calc@Ccount=\count318
\calc@Cskip=\skip61
)
(/usr/local/texlive/2023/texmf-dist/tex/latex/mathtools/mhsetup.sty
Package: mhsetup 2021/03/18 v1.4 programming setup (MH)
)
\g_MT_multlinerow_int=\count319
\l_MT_multwidth_dim=\dimen258
\origjot=\skip62
\l_MT_shortvdotswithinadjustabove_dim=\dimen259
\l_MT_shortvdotswithinadjustbelow_dim=\dimen260
\l_MT_above_intertext_sep=\dimen261
\l_MT_below_intertext_sep=\dimen262
\l_MT_above_shortintertext_sep=\dimen263
\l_MT_below_shortintertext_sep=\dimen264
\xmathstrut@box=\box65
\xmathstrut@dim=\dimen265
)
(/usr/local/texlive/2023/texmf-dist/tex/generic/mathdots/mathdots.sty
Package: mathdots 2014/06/11 v0.9 Improve and add various macros for dots in ma
th.
\MDo@unit=\dimen266
\MDo@dotsbox=\box66
\MDoprekern=\muskip17
\MDopostkern=\muskip18
\MDodotkern=\muskip19
)
(/usr/local/texlive/2023/texmf-dist/tex/latex/tools/verbatim.sty
Package: verbatim 2022-07-02 v1.5u LaTeX2e package for verbatim enhancements
\every@verbatim=\toks40
\verbatim@line=\toks41
\verbatim@in@stream=\read2
)
(/usr/local/texlive/2023/texmf-dist/tex/latex/hyperref/hyperref.sty
Package: hyperref 2023-02-07 v7.00v Hypertext links for LaTeX

(/usr/local/texlive/2023/texmf-dist/tex/generic/ltxcmds/ltxcmds.sty
Package: ltxcmds 2020-05-10 v1.25 LaTeX kernel commands for general use (HO)
)
(/usr/local/texlive/2023/texmf-dist/tex/generic/pdftexcmds/pdftexcmds.sty
Package: pdftexcmds 2020-06-27 v0.33 Utility functions of pdfTeX for LuaTeX (HO
)

(/usr/local/texlive/2023/texmf-dist/tex/generic/infwarerr/infwarerr.sty
Package: infwarerr 2019/12/03 v1.5 Providing info/warning/error messages (HO)
)
Package pdftexcmds Info: \pdf@primitive is available.
Package pdftexcmds Info: \pdf@ifprimitive is available.
Package pdftexcmds Info: \pdfdraftmode found.
)
(/usr/local/texlive/2023/texmf-dist/tex/latex/kvsetkeys/kvsetkeys.sty
Package: kvsetkeys 2022-10-05 v1.19 Key value parser (HO)
)
(/usr/local/texlive/2023/texmf-dist/tex/generic/kvdefinekeys/kvdefinekeys.sty
Package: kvdefinekeys 2019-12-19 v1.6 Define keys (HO)
)
(/usr/local/texlive/2023/texmf-dist/tex/generic/pdfescape/pdfescape.sty
Package: pdfescape 2019/12/09 v1.15 Implements pdfTeX's escape features (HO)
)
(/usr/local/texlive/2023/texmf-dist/tex/latex/hycolor/hycolor.sty
Package: hycolor 2020-01-27 v1.10 Color options for hyperref/bookmark (HO)
)
(/usr/local/texlive/2023/texmf-dist/tex/latex/letltxmacro/letltxmacro.sty
Package: letltxmacro 2019/12/03 v1.6 Let assignment for LaTeX macros (HO)
)
(/usr/local/texlive/2023/texmf-dist/tex/latex/auxhook/auxhook.sty
Package: auxhook 2019-12-17 v1.6 Hooks for auxiliary files (HO)
)
(/usr/local/texlive/2023/texmf-dist/tex/latex/hyperref/nameref.sty
Package: nameref 2022-05-17 v2.50 Cross-referencing by name of section

(/usr/local/texlive/2023/texmf-dist/tex/latex/refcount/refcount.sty
Package: refcount 2019/12/15 v3.6 Data extraction from label references (HO)
)
(/usr/local/texlive/2023/texmf-dist/tex/generic/gettitlestring/gettitlestring.s
ty
Package: gettitlestring 2019/12/15 v1.6 Cleanup title references (HO)
 (/usr/local/texlive/2023/texmf-dist/tex/latex/kvoptions/kvoptions.sty
Package: kvoptions 2022-06-15 v3.15 Key value format for package options (HO)
))
\c@section@level=\count320
)
\@linkdim=\dimen267
\Hy@linkcounter=\count321
\Hy@pagecounter=\count322

(/usr/local/texlive/2023/texmf-dist/tex/latex/hyperref/pd1enc.def
File: pd1enc.def 2023-02-07 v7.00v Hyperref: PDFDocEncoding definition (HO)
Now handling font encoding PD1 ...
... no UTF-8 mapping file for font encoding PD1
)
(/usr/local/texlive/2023/texmf-dist/tex/generic/intcalc/intcalc.sty
Package: intcalc 2019/12/15 v1.3 Expandable calculations with integers (HO)
)
(/usr/local/texlive/2023/texmf-dist/tex/generic/etexcmds/etexcmds.sty
Package: etexcmds 2019/12/15 v1.7 Avoid name clashes with e-TeX commands (HO)
)
\Hy@SavedSpaceFactor=\count323

(/usr/local/texlive/2023/texmf-dist/tex/latex/hyperref/puenc.def
File: puenc.def 2023-02-07 v7.00v Hyperref: PDF Unicode definition (HO)
Now handling font encoding PU ...
... no UTF-8 mapping file for font encoding PU
)
Package hyperref Info: Hyper figures OFF on input line 4177.
Package hyperref Info: Link nesting OFF on input line 4182.
Package hyperref Info: Hyper index ON on input line 4185.
Package hyperref Info: Plain pages OFF on input line 4192.
Package hyperref Info: Backreferencing OFF on input line 4197.
Package hyperref Info: Implicit mode ON; LaTeX internals redefined.
Package hyperref Info: Bookmarks ON on input line 4425.
\c@Hy@tempcnt=\count324

(/usr/local/texlive/2023/texmf-dist/tex/latex/url/url.sty
\Urlmuskip=\muskip20
Package: url 2013/09/16  ver 3.4  Verb mode for urls, etc.
)
LaTeX Info: Redefining \url on input line 4763.
\XeTeXLinkMargin=\dimen268

(/usr/local/texlive/2023/texmf-dist/tex/generic/bitset/bitset.sty
Package: bitset 2019/12/09 v1.3 Handle bit-vector datatype (HO)

(/usr/local/texlive/2023/texmf-dist/tex/generic/bigintcalc/bigintcalc.sty
Package: bigintcalc 2019/12/15 v1.5 Expandable calculations on big integers (HO
)
))
\Fld@menulength=\count325
\Field@Width=\dimen269
\Fld@charsize=\dimen270
Package hyperref Info: Hyper figures OFF on input line 6042.
Package hyperref Info: Link nesting OFF on input line 6047.
Package hyperref Info: Hyper index ON on input line 6050.
Package hyperref Info: backreferencing OFF on input line 6057.
Package hyperref Info: Link coloring OFF on input line 6062.
Package hyperref Info: Link coloring with OCG OFF on input line 6067.
Package hyperref Info: PDF/A mode OFF on input line 6072.

(/usr/local/texlive/2023/texmf-dist/tex/latex/base/atbegshi-ltx.sty
Package: atbegshi-ltx 2021/01/10 v1.0c Emulation of the original atbegshi
package with kernel methods
)
\Hy@abspage=\count326
\c@Item=\count327
\c@Hfootnote=\count328
)
Package hyperref Info: Driver (autodetected): hpdftex.

(/usr/local/texlive/2023/texmf-dist/tex/latex/hyperref/hpdftex.def
File: hpdftex.def 2023-02-07 v7.00v Hyperref driver for pdfTeX

(/usr/local/texlive/2023/texmf-dist/tex/latex/base/atveryend-ltx.sty
Package: atveryend-ltx 2020/08/19 v1.0a Emulation of the original atveryend pac
kage
with kernel methods
)
\Fld@listcount=\count329
\c@bookmark@seq@number=\count330

(/usr/local/texlive/2023/texmf-dist/tex/latex/rerunfilecheck/rerunfilecheck.sty
Package: rerunfilecheck 2022-07-10 v1.10 Rerun checks for auxiliary files (HO)

(/usr/local/texlive/2023/texmf-dist/tex/generic/uniquecounter/uniquecounter.sty
Package: uniquecounter 2019/12/15 v1.4 Provide unlimited unique counter (HO)
)
Package uniquecounter Info: New unique counter `rerunfilecheck' on input line 2
85.
)
\Hy@SectionHShift=\skip63
) (/usr/local/texlive/2023/texmf-dist/tex/latex/placeins/placeins.sty
Package: placeins 2005/04/18  v 2.2
)
(/usr/local/texlive/2023/texmf-dist/tex/latex/multirow/multirow.sty
Package: multirow 2021/03/15 v2.8 Span multiple rows of a table
\multirow@colwidth=\skip64
\multirow@cntb=\count331
\multirow@dima=\skip65
\bigstrutjot=\dimen271
)
(/usr/local/texlive/2023/texmf-dist/tex/latex/tools/dcolumn.sty
Package: dcolumn 2014/10/28 v1.06 decimal alignment package (DPC)

(/usr/local/texlive/2023/texmf-dist/tex/latex/tools/array.sty
Package: array 2022/09/04 v2.5g Tabular extension package (FMi)
\col@sep=\dimen272
\ar@mcellbox=\box67
\extrarowheight=\dimen273
\NC@list=\toks42
\extratabsurround=\skip66
\backup@length=\skip67
\ar@cellbox=\box68
))
(/usr/local/texlive/2023/texmf-dist/tex/latex/psnfss/pifont.sty
Package: pifont 2020/03/25 PSNFSS-v9.3 Pi font support (SPQR) 
LaTeX Font Info:    Trying to load font information for U+pzd on input line 63.


(/usr/local/texlive/2023/texmf-dist/tex/latex/psnfss/upzd.fd
File: upzd.fd 2001/06/04 font definitions for U/pzd.
)
LaTeX Font Info:    Trying to load font information for U+psy on input line 64.


(/usr/local/texlive/2023/texmf-dist/tex/latex/psnfss/upsy.fd
File: upsy.fd 2001/06/04 font definitions for U/psy.
))
(/usr/local/texlive/2023/texmf-dist/tex/latex/colortbl/colortbl.sty
Package: colortbl 2022/06/20 v1.0f Color table columns (DPC)
\everycr=\toks43
\minrowclearance=\skip68
\rownum=\count332
)
(/usr/local/texlive/2023/texmf-dist/tex/latex/lipsum/lipsum.sty
(/usr/local/texlive/2023/texmf-dist/tex/latex/l3packages/l3keys2e/l3keys2e.sty
Package: l3keys2e 2023-02-02 LaTeX2e option processing using LaTeX3 keys
)
Package: lipsum 2021-09-20 v2.7 150 paragraphs of Lorem Ipsum dummy text
\g__lipsum_par_int=\count333
\l__lipsum_a_int=\count334
\l__lipsum_b_int=\count335
(/usr/local/texlive/2023/texmf-dist/tex/latex/lipsum/lipsum.ltd.tex))
(/usr/local/texlive/2023/texmf-dist/tex/latex/was/upgreek.sty
Package: upgreek 2003/02/12 v2.0 (WaS)
Package upgreek Info: Using Euler Roman for upright Greek on input line 31.
\symugrf@m=\mathgroup10
LaTeX Font Info:    Overwriting symbol font `ugrf@m' in version `bold'
(Font)                  U/eur/m/n --> U/eur/b/n on input line 38.
)
(/usr/local/texlive/2023/texmf-dist/tex/latex/cancel/cancel.sty
Package: cancel 2013/04/12 v2.2 Cancel math terms
)
(/usr/local/texlive/2023/texmf-dist/tex/latex/float/float.sty
Package: float 2001/11/08 v1.3d Float enhancements (AL)
\c@float@type=\count336
\float@exts=\toks44
\float@box=\box69
\@float@everytoks=\toks45
\@floatcapt=\box70
)
(/usr/local/texlive/2023/texmf-dist/tex/latex/pgf/frontendlayer/tikz.sty
(/usr/local/texlive/2023/texmf-dist/tex/latex/pgf/basiclayer/pgf.sty
Package: pgf 2023-01-15 v3.1.10 (3.1.10)

(/usr/local/texlive/2023/texmf-dist/tex/latex/pgf/basiclayer/pgfcore.sty
(/usr/local/texlive/2023/texmf-dist/tex/latex/pgf/systemlayer/pgfsys.sty
(/usr/local/texlive/2023/texmf-dist/tex/generic/pgf/systemlayer/pgfsys.code.tex
Package: pgfsys 2023-01-15 v3.1.10 (3.1.10)
\pgf@x=\dimen274
\pgf@y=\dimen275
\pgf@xa=\dimen276
\pgf@ya=\dimen277
\pgf@xb=\dimen278
\pgf@yb=\dimen279
\pgf@xc=\dimen280
\pgf@yc=\dimen281
\pgf@xd=\dimen282
\pgf@yd=\dimen283
\w@pgf@writea=\write4
\r@pgf@reada=\read3
\c@pgf@counta=\count337
\c@pgf@countb=\count338
\c@pgf@countc=\count339
\c@pgf@countd=\count340
\t@pgf@toka=\toks46
\t@pgf@tokb=\toks47
\t@pgf@tokc=\toks48
\pgf@sys@id@count=\count341
(/usr/local/texlive/2023/texmf-dist/tex/generic/pgf/systemlayer/pgf.cfg
File: pgf.cfg 2023-01-15 v3.1.10 (3.1.10)
)
Driver file for pgf: pgfsys-pdftex.def

(/usr/local/texlive/2023/texmf-dist/tex/generic/pgf/systemlayer/pgfsys-pdftex.d
ef
File: pgfsys-pdftex.def 2023-01-15 v3.1.10 (3.1.10)

(/usr/local/texlive/2023/texmf-dist/tex/generic/pgf/systemlayer/pgfsys-common-p
df.def
File: pgfsys-common-pdf.def 2023-01-15 v3.1.10 (3.1.10)
)))
(/usr/local/texlive/2023/texmf-dist/tex/generic/pgf/systemlayer/pgfsyssoftpath.
code.tex
File: pgfsyssoftpath.code.tex 2023-01-15 v3.1.10 (3.1.10)
\pgfsyssoftpath@smallbuffer@items=\count342
\pgfsyssoftpath@bigbuffer@items=\count343
)
(/usr/local/texlive/2023/texmf-dist/tex/generic/pgf/systemlayer/pgfsysprotocol.
code.tex
File: pgfsysprotocol.code.tex 2023-01-15 v3.1.10 (3.1.10)
))
(/usr/local/texlive/2023/texmf-dist/tex/generic/pgf/basiclayer/pgfcore.code.tex
Package: pgfcore 2023-01-15 v3.1.10 (3.1.10)
(/usr/local/texlive/2023/texmf-dist/tex/generic/pgf/math/pgfint.code.tex)
(/usr/local/texlive/2023/texmf-dist/tex/generic/pgf/basiclayer/pgfcorepoints.co
de.tex
File: pgfcorepoints.code.tex 2023-01-15 v3.1.10 (3.1.10)
\pgf@picminx=\dimen284
\pgf@picmaxx=\dimen285
\pgf@picminy=\dimen286
\pgf@picmaxy=\dimen287
\pgf@pathminx=\dimen288
\pgf@pathmaxx=\dimen289
\pgf@pathminy=\dimen290
\pgf@pathmaxy=\dimen291
\pgf@xx=\dimen292
\pgf@xy=\dimen293
\pgf@yx=\dimen294
\pgf@yy=\dimen295
\pgf@zx=\dimen296
\pgf@zy=\dimen297
)
(/usr/local/texlive/2023/texmf-dist/tex/generic/pgf/basiclayer/pgfcorepathconst
ruct.code.tex
File: pgfcorepathconstruct.code.tex 2023-01-15 v3.1.10 (3.1.10)
\pgf@path@lastx=\dimen298
\pgf@path@lasty=\dimen299
)
(/usr/local/texlive/2023/texmf-dist/tex/generic/pgf/basiclayer/pgfcorepathusage
.code.tex
File: pgfcorepathusage.code.tex 2023-01-15 v3.1.10 (3.1.10)
\pgf@shorten@end@additional=\dimen300
\pgf@shorten@start@additional=\dimen301
)
(/usr/local/texlive/2023/texmf-dist/tex/generic/pgf/basiclayer/pgfcorescopes.co
de.tex
File: pgfcorescopes.code.tex 2023-01-15 v3.1.10 (3.1.10)
\pgfpic=\box71
\pgf@hbox=\box72
\pgf@layerbox@main=\box73
\pgf@picture@serial@count=\count344
)
(/usr/local/texlive/2023/texmf-dist/tex/generic/pgf/basiclayer/pgfcoregraphicst
ate.code.tex
File: pgfcoregraphicstate.code.tex 2023-01-15 v3.1.10 (3.1.10)
\pgflinewidth=\dimen302
)
(/usr/local/texlive/2023/texmf-dist/tex/generic/pgf/basiclayer/pgfcoretransform
ations.code.tex
File: pgfcoretransformations.code.tex 2023-01-15 v3.1.10 (3.1.10)
\pgf@pt@x=\dimen303
\pgf@pt@y=\dimen304
\pgf@pt@temp=\dimen305
)
(/usr/local/texlive/2023/texmf-dist/tex/generic/pgf/basiclayer/pgfcorequick.cod
e.tex
File: pgfcorequick.code.tex 2023-01-15 v3.1.10 (3.1.10)
)
(/usr/local/texlive/2023/texmf-dist/tex/generic/pgf/basiclayer/pgfcoreobjects.c
ode.tex
File: pgfcoreobjects.code.tex 2023-01-15 v3.1.10 (3.1.10)
)
(/usr/local/texlive/2023/texmf-dist/tex/generic/pgf/basiclayer/pgfcorepathproce
ssing.code.tex
File: pgfcorepathprocessing.code.tex 2023-01-15 v3.1.10 (3.1.10)
)
(/usr/local/texlive/2023/texmf-dist/tex/generic/pgf/basiclayer/pgfcorearrows.co
de.tex
File: pgfcorearrows.code.tex 2023-01-15 v3.1.10 (3.1.10)
\pgfarrowsep=\dimen306
)
(/usr/local/texlive/2023/texmf-dist/tex/generic/pgf/basiclayer/pgfcoreshade.cod
e.tex
File: pgfcoreshade.code.tex 2023-01-15 v3.1.10 (3.1.10)
\pgf@max=\dimen307
\pgf@sys@shading@range@num=\count345
\pgf@shadingcount=\count346
)
(/usr/local/texlive/2023/texmf-dist/tex/generic/pgf/basiclayer/pgfcoreimage.cod
e.tex
File: pgfcoreimage.code.tex 2023-01-15 v3.1.10 (3.1.10)
)
(/usr/local/texlive/2023/texmf-dist/tex/generic/pgf/basiclayer/pgfcoreexternal.
code.tex
File: pgfcoreexternal.code.tex 2023-01-15 v3.1.10 (3.1.10)
\pgfexternal@startupbox=\box74
)
(/usr/local/texlive/2023/texmf-dist/tex/generic/pgf/basiclayer/pgfcorelayers.co
de.tex
File: pgfcorelayers.code.tex 2023-01-15 v3.1.10 (3.1.10)
)
(/usr/local/texlive/2023/texmf-dist/tex/generic/pgf/basiclayer/pgfcoretranspare
ncy.code.tex
File: pgfcoretransparency.code.tex 2023-01-15 v3.1.10 (3.1.10)
)
(/usr/local/texlive/2023/texmf-dist/tex/generic/pgf/basiclayer/pgfcorepatterns.
code.tex
File: pgfcorepatterns.code.tex 2023-01-15 v3.1.10 (3.1.10)
)
(/usr/local/texlive/2023/texmf-dist/tex/generic/pgf/basiclayer/pgfcorerdf.code.
tex
File: pgfcorerdf.code.tex 2023-01-15 v3.1.10 (3.1.10)
)))
(/usr/local/texlive/2023/texmf-dist/tex/generic/pgf/modules/pgfmoduleshapes.cod
e.tex
File: pgfmoduleshapes.code.tex 2023-01-15 v3.1.10 (3.1.10)
\pgfnodeparttextbox=\box75
)
(/usr/local/texlive/2023/texmf-dist/tex/generic/pgf/modules/pgfmoduleplot.code.
tex
File: pgfmoduleplot.code.tex 2023-01-15 v3.1.10 (3.1.10)
)
(/usr/local/texlive/2023/texmf-dist/tex/latex/pgf/compatibility/pgfcomp-version
-0-65.sty
Package: pgfcomp-version-0-65 2023-01-15 v3.1.10 (3.1.10)
\pgf@nodesepstart=\dimen308
\pgf@nodesepend=\dimen309
)
(/usr/local/texlive/2023/texmf-dist/tex/latex/pgf/compatibility/pgfcomp-version
-1-18.sty
Package: pgfcomp-version-1-18 2023-01-15 v3.1.10 (3.1.10)
))
(/usr/local/texlive/2023/texmf-dist/tex/generic/pgf/frontendlayer/tikz/tikz.cod
e.tex
Package: tikz 2023-01-15 v3.1.10 (3.1.10)

(/usr/local/texlive/2023/texmf-dist/tex/generic/pgf/libraries/pgflibraryplothan
dlers.code.tex
File: pgflibraryplothandlers.code.tex 2023-01-15 v3.1.10 (3.1.10)
\pgf@plot@mark@count=\count347
\pgfplotmarksize=\dimen310
)
\tikz@lastx=\dimen311
\tikz@lasty=\dimen312
\tikz@lastxsaved=\dimen313
\tikz@lastysaved=\dimen314
\tikz@lastmovetox=\dimen315
\tikz@lastmovetoy=\dimen316
\tikzleveldistance=\dimen317
\tikzsiblingdistance=\dimen318
\tikz@figbox=\box76
\tikz@figbox@bg=\box77
\tikz@tempbox=\box78
\tikz@tempbox@bg=\box79
\tikztreelevel=\count348
\tikznumberofchildren=\count349
\tikznumberofcurrentchild=\count350
\tikz@fig@count=\count351

(/usr/local/texlive/2023/texmf-dist/tex/generic/pgf/modules/pgfmodulematrix.cod
e.tex
File: pgfmodulematrix.code.tex 2023-01-15 v3.1.10 (3.1.10)
\pgfmatrixcurrentrow=\count352
\pgfmatrixcurrentcolumn=\count353
\pgf@matrix@numberofcolumns=\count354
)
\tikz@expandcount=\count355

(/usr/local/texlive/2023/texmf-dist/tex/generic/pgf/frontendlayer/tikz/librarie
s/tikzlibrarytopaths.code.tex
File: tikzlibrarytopaths.code.tex 2023-01-15 v3.1.10 (3.1.10)
)))
(/usr/local/texlive/2023/texmf-dist/tex/latex/tools/bm.sty
Package: bm 2022/01/05 v1.2f Bold Symbol Support (DPC/FMi)
Package bm Info: No bold for \OT1/ztmcm/m/n, using \pmb.
Package bm Info: No bold for \OML/ztmcm/m/it, using \pmb.
Package bm Info: No bold for \OMS/ztmcm/m/n, using \pmb.
Package bm Info: No bold for \OMX/ztmcm/m/n, using \pmb.
\symboldlasy=\mathgroup11
Package bm Info: No bold for \U/msa/m/n, using \pmb.
Package bm Info: No bold for \U/msb/m/n, using \pmb.
Package bm Info: No bold for \OT1/ptm/bx/n, using \pmb.
Package bm Info: No bold for \OT1/ptm/m/it, using \pmb.
Package bm Info: No bold for \U/rsfs/m/n, using \pmb.
\symboldugrf@m=\mathgroup12
)
(/usr/local/texlive/2023/texmf-dist/tex/latex/lineno/lineno.sty
Package: lineno 2023/01/19 line numbers on paragraphs v5.1
\linenopenalty=\count356
\output=\toks49
\linenoprevgraf=\count357
\linenumbersep=\dimen319
\linenumberwidth=\dimen320
\c@linenumber=\count358
\c@pagewiselinenumber=\count359
\c@LN@truepage=\count360
\c@internallinenumber=\count361
\c@internallinenumbers=\count362
\quotelinenumbersep=\dimen321
\bframerule=\dimen322
\bframesep=\dimen323
\bframebox=\box80
\linenoamsmath@ams@eqpen=\count363
LaTeX Info: Redefining \\ on input line 3131.
)
LaTeX Font Info:    Trying to load font information for OT1+ptm on input line 4
0.

(/usr/local/texlive/2023/texmf-dist/tex/latex/psnfss/ot1ptm.fd
File: ot1ptm.fd 2001/06/04 font definitions for OT1/ptm.
) (./main.aux)
\openout1 = `main.aux'.

LaTeX Font Info:    Checking defaults for OML/cmm/m/it on input line 40.
LaTeX Font Info:    ... okay on input line 40.
LaTeX Font Info:    Checking defaults for OMS/cmsy/m/n on input line 40.
LaTeX Font Info:    ... okay on input line 40.
LaTeX Font Info:    Checking defaults for OT1/cmr/m/n on input line 40.
LaTeX Font Info:    ... okay on input line 40.
LaTeX Font Info:    Checking defaults for T1/cmr/m/n on input line 40.
LaTeX Font Info:    ... okay on input line 40.
LaTeX Font Info:    Checking defaults for TS1/cmr/m/n on input line 40.
LaTeX Font Info:    ... okay on input line 40.
LaTeX Font Info:    Checking defaults for OMX/cmex/m/n on input line 40.
LaTeX Font Info:    ... okay on input line 40.
LaTeX Font Info:    Checking defaults for U/cmr/m/n on input line 40.
LaTeX Font Info:    ... okay on input line 40.
LaTeX Font Info:    Checking defaults for PD1/pdf/m/n on input line 40.
LaTeX Font Info:    ... okay on input line 40.
LaTeX Font Info:    Checking defaults for PU/pdf/m/n on input line 40.
LaTeX Font Info:    ... okay on input line 40.

(/usr/local/texlive/2023/texmf-dist/tex/context/base/mkii/supp-pdf.mkii
[Loading MPS to PDF converter (version 2006.09.02).]
\scratchcounter=\count364
\scratchdimen=\dimen324
\scratchbox=\box81
\nofMPsegments=\count365
\nofMParguments=\count366
\everyMPshowfont=\toks50
\MPscratchCnt=\count367
\MPscratchDim=\dimen325
\MPnumerator=\count368
\makeMPintoPDFobject=\count369
\everyMPtoPDFconversion=\toks51
) (/usr/local/texlive/2023/texmf-dist/tex/latex/epstopdf-pkg/epstopdf-base.sty
Package: epstopdf-base 2020-01-24 v2.11 Base part for package epstopdf
Package epstopdf-base Info: Redefining graphics rule for `.eps' on input line 4
85.

(/usr/local/texlive/2023/texmf-dist/tex/latex/latexconfig/epstopdf-sys.cfg
File: epstopdf-sys.cfg 2010/07/13 v1.3 Configuration of (r)epstopdf for TeX Liv
e
))
Package hyperref Info: Link coloring OFF on input line 40.

(./main.out) (./main.out)
\@outlinefile=\write5
\openout5 = `main.out'.

LaTeX Font Info:    Trying to load font information for OT1+ztmcm on input line
 65.

(/usr/local/texlive/2023/texmf-dist/tex/latex/psnfss/ot1ztmcm.fd
File: ot1ztmcm.fd 2000/01/03 Fontinst v1.801 font definitions for OT1/ztmcm.
)
LaTeX Font Info:    Trying to load font information for OML+ztmcm on input line
 65.

(/usr/local/texlive/2023/texmf-dist/tex/latex/psnfss/omlztmcm.fd
File: omlztmcm.fd 2000/01/03 Fontinst v1.801 font definitions for OML/ztmcm.
)
LaTeX Font Info:    Trying to load font information for OMS+ztmcm on input line
 65.

(/usr/local/texlive/2023/texmf-dist/tex/latex/psnfss/omsztmcm.fd
File: omsztmcm.fd 2000/01/03 Fontinst v1.801 font definitions for OMS/ztmcm.
)
LaTeX Font Info:    Trying to load font information for OMX+ztmcm on input line
 65.

(/usr/local/texlive/2023/texmf-dist/tex/latex/psnfss/omxztmcm.fd
File: omxztmcm.fd 2000/01/03 Fontinst v1.801 font definitions for OMX/ztmcm.
)
LaTeX Font Info:    Trying to load font information for U+lasy on input line 65
.

(/usr/local/texlive/2023/texmf-dist/tex/latex/base/ulasy.fd
File: ulasy.fd 1998/08/17 v2.2e LaTeX symbol font definitions
)
LaTeX Font Info:    Font shape `OT1/ptm/bx/n' in size <12> not available
(Font)              Font shape `OT1/ptm/b/n' tried instead on input line 65.
LaTeX Font Info:    Font shape `OT1/ptm/bx/n' in size <9> not available
(Font)              Font shape `OT1/ptm/b/n' tried instead on input line 65.
LaTeX Font Info:    Font shape `OT1/ptm/bx/n' in size <7> not available
(Font)              Font shape `OT1/ptm/b/n' tried instead on input line 65.
LaTeX Font Info:    Trying to load font information for U+rsfs on input line 65
.

(/usr/local/texlive/2023/texmf-dist/tex/latex/jknapltx/ursfs.fd
File: ursfs.fd 1998/03/24 rsfs font definition file (jk)
)
LaTeX Font Info:    Font shape `U/lasy/b/n' in size <9> not available
(Font)              Font shape `U/lasy/m/n' tried instead on input line 65.
LaTeX Font Info:    Font shape `U/lasy/b/n' in size <7> not available
(Font)              Font shape `U/lasy/m/n' tried instead on input line 65.


Package mathptmx Warning: There are no bold math fonts on input line 67.


Overfull \hbox (2.28003pt too wide) has occurred while \output is active
[] 
 []

[1
Non-PDF special ignored!
<special> header=pstricks.pro
Non-PDF special ignored!
<special> header=pst-algparser.pro
Non-PDF special ignored!
<special> header=pst-tools.pro
Non-PDF special ignored!
<special> header=pst-dots.pro
Non-PDF special ignored!
<special> header=pst-node.pro
Non-PDF special ignored!
<special> header=pst-text.pro
Non-PDF special ignored!
<special> header=pst-3d.pro

Non-PDF special ignored!
<special> ps: /pssetRGBcolor /setrgbcolor load def /pssetCMYKcolor /setcmyk...
Non-PDF special ignored!
<special> ps:tx@Dict begin  gsave STV CP T /ps@rot 0 def grestore  end
Non-PDF special ignored!
<special> ps:tx@Dict begin  gsave STV CP T /ps@refangle 0.  def grestore  e...
Non-PDF special ignored!
<special> ps:0.8 setlinewidth 0 setgray
Non-PDF special ignored!
<special> ps:tx@Dict begin  gsave STV CP T /ps@rot 0 def grestore  end

{/usr/local/texlive/2023/texmf-var/fonts/map/pdftex/updmap/pdftex.map}{/usr/loc
al/texlive/2023/texmf-dist/fonts/enc/dvips/base/8r.enc}] [2]
<Images/Figure1.pdf, id=122, 246.9225pt x 164.615pt>
File: Images/Figure1.pdf Graphic file (type pdf)
<use Images/Figure1.pdf>
Package pdftex.def Info: Images/Figure1.pdf  used on input line 135.
(pdftex.def)             Requested size: 264.0pt x 176.01071pt.
LaTeX Font Info:    Font shape `OT1/ptm/bx/n' in size <10> not available
(Font)              Font shape `OT1/ptm/b/n' tried instead on input line 136.
LaTeX Font Info:    Font shape `OT1/ptm/bx/n' in size <7.4> not available
(Font)              Font shape `OT1/ptm/b/n' tried instead on input line 136.
LaTeX Font Info:    Font shape `OT1/ptm/bx/n' in size <6> not available
(Font)              Font shape `OT1/ptm/b/n' tried instead on input line 136.
LaTeX Font Info:    Font shape `U/lasy/b/n' in size <7.4> not available
(Font)              Font shape `U/lasy/m/n' tried instead on input line 136.
LaTeX Font Info:    Font shape `U/lasy/b/n' in size <6> not available
(Font)              Font shape `U/lasy/m/n' tried instead on input line 136.
Package epstopdf Info: Source file: <Images/Densities.eps>
(epstopdf)                    date: 2025-09-18 10:40:22
(epstopdf)                    size: 431509 bytes
(epstopdf)             Output file: <Images/Densities-eps-converted-to.pdf>
(epstopdf)                    date: 2025-09-18 10:40:22
(epstopdf)                    size: 111369 bytes
(epstopdf)             Command: <repstopdf --outfile=Images/Densities-eps-conve
rted-to.pdf Images/Densities.eps>
(epstopdf)             \includegraphics on input line 149.
Package epstopdf Info: Output file is already uptodate.
<Images/Densities-eps-converted-to.pdf, id=125, 562.1pt x 421.575pt>
File: Images/Densities-eps-converted-to.pdf Graphic file (type pdf)
<use Images/Densities-eps-converted-to.pdf>
Package pdftex.def Info: Images/Densities-eps-converted-to.pdf  used on input l
ine 149.
(pdftex.def)             Requested size: 292.5pt x 219.37463pt.
LaTeX Font Info:    Trying to load font information for TS1+ptm on input line 1
56.

(/usr/local/texlive/2023/texmf-dist/tex/latex/psnfss/ts1ptm.fd
File: ts1ptm.fd 2001/06/04 font definitions for TS1/ptm.
) [3]
Overfull \hbox (1.52951pt too wide) in paragraph at lines 172--173
[]\OT1/ptm/m/n/12 Document the Thom-son Scat-ter-ing pro-files, and see to whic
h mod-u-la-tion phase
 []

Package epstopdf Info: Source file: <Images/Thomson.eps>
(epstopdf)                    date: 2025-09-18 10:40:22
(epstopdf)                    size: 26380 bytes
(epstopdf)             Output file: <Images/Thomson-eps-converted-to.pdf>
(epstopdf)                    date: 2025-09-18 10:40:22
(epstopdf)                    size: 10559 bytes
(epstopdf)             Command: <repstopdf --outfile=Images/Thomson-eps-convert
ed-to.pdf Images/Thomson.eps>
(epstopdf)             \includegraphics on input line 176.
Package epstopdf Info: Output file is already uptodate.
<Images/Thomson-eps-converted-to.pdf, id=139, 562.1pt x 421.575pt>
File: Images/Thomson-eps-converted-to.pdf Graphic file (type pdf)
<use Images/Thomson-eps-converted-to.pdf>
Package pdftex.def Info: Images/Thomson-eps-converted-to.pdf  used on input lin
e 176.
(pdftex.def)             Requested size: 195.0pt x 146.2476pt.

Underfull \hbox (badness 10000) in paragraph at lines 177--177
[]\OT1/ptm/m/n/10 Figure 3: []Mean Thom-son Scat-ter-ing pro-files for ECRH on 
/ off (shots
 []

LaTeX Font Info:    Font shape `OT1/ptm/bx/n' in size <8> not available
(Font)              Font shape `OT1/ptm/b/n' tried instead on input line 188.
LaTeX Font Info:    Font shape `OT1/ptm/bx/n' in size <5> not available
(Font)              Font shape `OT1/ptm/b/n' tried instead on input line 188.
LaTeX Font Info:    Font shape `U/lasy/b/n' in size <8> not available
(Font)              Font shape `U/lasy/m/n' tried instead on input line 188.
LaTeX Font Info:    Font shape `U/lasy/b/n' in size <5> not available
(Font)              Font shape `U/lasy/m/n' tried instead on input line 188.

Overfull \hbox (35.46179pt too wide) in paragraph at lines 188--267
[][]
 []

[4
pdfTeX warning (ext4): destination with the same identifier (name{figure.1}) ha
s been already used, duplicate ignored
<argument> ...shipout:D \box_use:N \l_shipout_box 
                                                  \__shipout_drop_firstpage_...
l.272 \clearpage
                 <./Images/Figure1.pdf>] [5
pdfTeX warning (ext4): destination with the same identifier (name{figure.2}) ha
s been already used, duplicate ignored
<argument> ...shipout:D \box_use:N \l_shipout_box 
                                                  \__shipout_drop_firstpage_...
l.272 \clearpage
                
pdfTeX warning (ext4): destination with the same identifier (name{figure.3}) ha
s been already used, duplicate ignored
<argument> ...shipout:D \box_use:N \l_shipout_box 
                                                  \__shipout_drop_firstpage_...
l.272 \clearpage
                 <./Images/Densities-eps-converted-to.pdf> <./Images/Thomson-ep
s-converted-to.pdf>] [6
pdfTeX warning (ext4): destination with the same identifier (name{table.1}) has
 been already used, duplicate ignored
<argument> ...shipout:D \box_use:N \l_shipout_box 
                                                  \__shipout_drop_firstpage_...
l.272 \clearpage
                ]
Package epstopdf Info: Source file: <Images/HIBP_Phi.eps>
(epstopdf)                    date: 2025-09-18 10:40:22
(epstopdf)                    size: 746313 bytes
(epstopdf)             Output file: <Images/HIBP_Phi-eps-converted-to.pdf>
(epstopdf)                    date: 2025-09-18 10:40:22
(epstopdf)                    size: 241801 bytes
(epstopdf)             Command: <repstopdf --outfile=Images/HIBP_Phi-eps-conver
ted-to.pdf Images/HIBP_Phi.eps>
(epstopdf)             \includegraphics on input line 279.
Package epstopdf Info: Output file is already uptodate.
<Images/HIBP_Phi-eps-converted-to.pdf, id=175, 1498.59875pt x 1160.335pt>
File: Images/HIBP_Phi-eps-converted-to.pdf Graphic file (type pdf)
<use Images/HIBP_Phi-eps-converted-to.pdf>
Package pdftex.def Info: Images/HIBP_Phi-eps-converted-to.pdf  used on input li
ne 279.
(pdftex.def)             Requested size: 350.99762pt x 271.75809pt.
Package epstopdf Info: Source file: <Images/HIBP_Phi2.eps>
(epstopdf)                    date: 2025-09-18 10:40:22
(epstopdf)                    size: 745013 bytes
(epstopdf)             Output file: <Images/HIBP_Phi2-eps-converted-to.pdf>
(epstopdf)                    date: 2025-09-18 10:40:22
(epstopdf)                    size: 238664 bytes
(epstopdf)             Command: <repstopdf --outfile=Images/HIBP_Phi2-eps-conve
rted-to.pdf Images/HIBP_Phi2.eps>
(epstopdf)             \includegraphics on input line 286.
Package epstopdf Info: Output file is already uptodate.
<Images/HIBP_Phi2-eps-converted-to.pdf, id=176, 1498.59875pt x 1160.335pt>
File: Images/HIBP_Phi2-eps-converted-to.pdf Graphic file (type pdf)
<use Images/HIBP_Phi2-eps-converted-to.pdf>
Package pdftex.def Info: Images/HIBP_Phi2-eps-converted-to.pdf  used on input l
ine 286.
(pdftex.def)             Requested size: 350.99762pt x 271.75809pt.
<Images/HIBP_50037.png, id=177, 1259.70625pt x 2106.87125pt>
File: Images/HIBP_50037.png Graphic file (type png)
<use Images/HIBP_50037.png>
Package pdftex.def Info: Images/HIBP_50037.png  used on input line 293.
(pdftex.def)             Requested size: 272.99881pt x 456.56909pt.
 [7


pdfTeX warning (ext4): destination with the same identifier (name{figure.4}) ha
s been already used, duplicate ignored
<argument> ...shipout:D \box_use:N \l_shipout_box 
                                                  \__shipout_drop_firstpage_...
l.298 \clearpage
                 <./Images/HIBP_Phi-eps-converted-to.pdf>] [8
pdfTeX warning (ext4): destination with the same identifier (name{figure.5}) ha
s been already used, duplicate ignored
<argument> ...shipout:D \box_use:N \l_shipout_box 
                                                  \__shipout_drop_firstpage_...
l.298 \clearpage
                 <./Images/HIBP_Phi2-eps-converted-to.pdf>] [9
pdfTeX warning (ext4): destination with the same identifier (name{figure.6}) ha
s been already used, duplicate ignored
<argument> ...shipout:D \box_use:N \l_shipout_box 
                                                  \__shipout_drop_firstpage_...
l.298 \clearpage
                 <./Images/HIBP_50037.png>]
Overfull \hbox (36.17589pt too wide) in paragraph at lines 301--308
\OT1/ptm/m/n/12 Thom-son Scat-ter-ing. Fig. []7[] shows an ex-am-ple for low de
n-sity; see script ECE[]analysis.m.
 []

Package epstopdf Info: Source file: <Images/ECE.eps>
(epstopdf)                    date: 2025-09-18 10:40:22
(epstopdf)                    size: 701968 bytes
(epstopdf)             Output file: <Images/ECE-eps-converted-to.pdf>
(epstopdf)                    date: 2025-09-18 10:40:22
(epstopdf)                    size: 219539 bytes
(epstopdf)             Command: <repstopdf --outfile=Images/ECE-eps-converted-t
o.pdf Images/ECE.eps>
(epstopdf)             \includegraphics on input line 311.
Package epstopdf Info: Output file is already uptodate.
<Images/ECE-eps-converted-to.pdf, id=211, 562.1pt x 421.575pt>
File: Images/ECE-eps-converted-to.pdf Graphic file (type pdf)
<use Images/ECE-eps-converted-to.pdf>
Package pdftex.def Info: Images/ECE-eps-converted-to.pdf  used on input line 31
1.
(pdftex.def)             Requested size: 350.99762pt x 263.24571pt.
[10


pdfTeX warning (ext4): destination with the same identifier (name{figure.7}) ha
s been already used, duplicate ignored
<argument> ...shipout:D \box_use:N \l_shipout_box 
                                                  \__shipout_drop_firstpage_...
l.321 
       <./Images/ECE-eps-converted-to.pdf>]
Package epstopdf Info: Source file: <Images/ECE_power_deposition.eps>
(epstopdf)                    date: 2025-09-18 10:40:22
(epstopdf)                    size: 76804 bytes
(epstopdf)             Output file: <Images/ECE_power_deposition-eps-converted-
to.pdf>
(epstopdf)                    date: 2025-09-18 10:40:22
(epstopdf)                    size: 26954 bytes
(epstopdf)             Command: <repstopdf --outfile=Images/ECE_power_depositio
n-eps-converted-to.pdf Images/ECE_power_deposition.eps>
(epstopdf)             \includegraphics on input line 327.
Package epstopdf Info: Output file is already uptodate.
<Images/ECE_power_deposition-eps-converted-to.pdf, id=228, 562.1pt x 421.575pt>

File: Images/ECE_power_deposition-eps-converted-to.pdf Graphic file (type pdf)
<use Images/ECE_power_deposition-eps-converted-to.pdf>
Package pdftex.def Info: Images/ECE_power_deposition-eps-converted-to.pdf  used
 on input line 327.
(pdftex.def)             Requested size: 195.0pt x 146.2476pt.
 [11
pdfTeX warning (ext4): destination with the same identifier (name{figure.8}) ha
s been already used, duplicate ignored
<argument> ...shipout:D \box_use:N \l_shipout_box 
                                                  \__shipout_drop_firstpage_...
l.332 \clearpage
                 <./Images/ECE_power_deposition-eps-converted-to.pdf>]
Package epstopdf Info: Source file: <Images/50030_VF1_.eps>
(epstopdf)                    date: 2025-09-18 10:40:22
(epstopdf)                    size: 19870 bytes
(epstopdf)             Output file: <Images/50030_VF1_-eps-converted-to.pdf>
(epstopdf)                    date: 2025-09-18 10:40:22
(epstopdf)                    size: 9889 bytes
(epstopdf)             Command: <repstopdf --outfile=Images/50030_VF1_-eps-conv
erted-to.pdf Images/50030_VF1_.eps>
(epstopdf)             \includegraphics on input line 343.
Package epstopdf Info: Output file is already uptodate.
<Images/50030_VF1_-eps-converted-to.pdf, id=240, 506.89375pt x 397.485pt>
File: Images/50030_VF1_-eps-converted-to.pdf Graphic file (type pdf)
<use Images/50030_VF1_-eps-converted-to.pdf>
Package pdftex.def Info: Images/50030_VF1_-eps-converted-to.pdf  used on input 
line 343.
(pdftex.def)             Requested size: 124.80286pt x 97.86078pt.
Package epstopdf Info: Source file: <Images/50030_VF2_.eps>
(epstopdf)                    date: 2025-09-18 10:40:22
(epstopdf)                    size: 20124 bytes
(epstopdf)             Output file: <Images/50030_VF2_-eps-converted-to.pdf>
(epstopdf)                    date: 2025-09-18 10:40:22
(epstopdf)                    size: 9887 bytes
(epstopdf)             Command: <repstopdf --outfile=Images/50030_VF2_-eps-conv
erted-to.pdf Images/50030_VF2_.eps>
(epstopdf)             \includegraphics on input line 344.
Package epstopdf Info: Output file is already uptodate.
<Images/50030_VF2_-eps-converted-to.pdf, id=241, 506.89375pt x 397.485pt>
File: Images/50030_VF2_-eps-converted-to.pdf Graphic file (type pdf)
<use Images/50030_VF2_-eps-converted-to.pdf>
Package pdftex.def Info: Images/50030_VF2_-eps-converted-to.pdf  used on input 
line 344.
(pdftex.def)             Requested size: 124.80286pt x 97.86078pt.
Package epstopdf Info: Source file: <Images/50030_Is_.eps>
(epstopdf)                    date: 2025-09-18 10:40:22
(epstopdf)                    size: 19310 bytes
(epstopdf)             Output file: <Images/50030_Is_-eps-converted-to.pdf>
(epstopdf)                    date: 2025-09-18 10:40:22
(epstopdf)                    size: 10177 bytes
(epstopdf)             Command: <repstopdf --outfile=Images/50030_Is_-eps-conve
rted-to.pdf Images/50030_Is_.eps>
(epstopdf)             \includegraphics on input line 345.
Package epstopdf Info: Output file is already uptodate.
<Images/50030_Is_-eps-converted-to.pdf, id=242, 525.965pt x 397.485pt>
File: Images/50030_Is_-eps-converted-to.pdf Graphic file (type pdf)
<use Images/50030_Is_-eps-converted-to.pdf>
Package pdftex.def Info: Images/50030_Is_-eps-converted-to.pdf  used on input l
ine 345.
(pdftex.def)             Requested size: 124.80286pt x 94.31268pt.
Package epstopdf Info: Source file: <Images/50030_VF1_RMS.eps>
(epstopdf)                    date: 2025-09-18 10:40:22
(epstopdf)                    size: 19893 bytes
(epstopdf)             Output file: <Images/50030_VF1_RMS-eps-converted-to.pdf>

(epstopdf)                    date: 2025-09-18 10:40:22
(epstopdf)                    size: 10200 bytes
(epstopdf)             Command: <repstopdf --outfile=Images/50030_VF1_RMS-eps-c
onverted-to.pdf Images/50030_VF1_RMS.eps>
(epstopdf)             \includegraphics on input line 356.
Package epstopdf Info: Output file is already uptodate.
<Images/50030_VF1_RMS-eps-converted-to.pdf, id=244, 510.90875pt x 397.485pt>
File: Images/50030_VF1_RMS-eps-converted-to.pdf Graphic file (type pdf)
<use Images/50030_VF1_RMS-eps-converted-to.pdf>
Package pdftex.def Info: Images/50030_VF1_RMS-eps-converted-to.pdf  used on inp
ut line 356.
(pdftex.def)             Requested size: 124.80286pt x 97.09052pt.
Package epstopdf Info: Source file: <Images/50030_VF2_RMS.eps>
(epstopdf)                    date: 2025-09-18 10:40:22
(epstopdf)                    size: 20429 bytes
(epstopdf)             Output file: <Images/50030_VF2_RMS-eps-converted-to.pdf>

(epstopdf)                    date: 2025-09-18 10:40:22
(epstopdf)                    size: 10265 bytes
(epstopdf)             Command: <repstopdf --outfile=Images/50030_VF2_RMS-eps-c
onverted-to.pdf Images/50030_VF2_RMS.eps>
(epstopdf)             \includegraphics on input line 357.
Package epstopdf Info: Output file is already uptodate.
<Images/50030_VF2_RMS-eps-converted-to.pdf, id=245, 510.90875pt x 397.485pt>
File: Images/50030_VF2_RMS-eps-converted-to.pdf Graphic file (type pdf)
<use Images/50030_VF2_RMS-eps-converted-to.pdf>
Package pdftex.def Info: Images/50030_VF2_RMS-eps-converted-to.pdf  used on inp
ut line 357.
(pdftex.def)             Requested size: 124.80286pt x 97.09052pt.
Package epstopdf Info: Source file: <Images/50030_Is_RMS.eps>
(epstopdf)                    date: 2025-09-18 10:40:22
(epstopdf)                    size: 19628 bytes
(epstopdf)             Output file: <Images/50030_Is_RMS-eps-converted-to.pdf>
(epstopdf)                    date: 2025-09-18 10:40:22
(epstopdf)                    size: 10523 bytes
(epstopdf)             Command: <repstopdf --outfile=Images/50030_Is_RMS-eps-co
nverted-to.pdf Images/50030_Is_RMS.eps>
(epstopdf)             \includegraphics on input line 358.
Package epstopdf Info: Output file is already uptodate.
<Images/50030_Is_RMS-eps-converted-to.pdf, id=246, 519.9425pt x 397.485pt>
File: Images/50030_Is_RMS-eps-converted-to.pdf Graphic file (type pdf)
<use Images/50030_Is_RMS-eps-converted-to.pdf>
Package pdftex.def Info: Images/50030_Is_RMS-eps-converted-to.pdf  used on inpu
t line 358.
(pdftex.def)             Requested size: 124.80286pt x 95.4044pt.
Package epstopdf Info: Source file: <Images/50031_VF1_.eps>
(epstopdf)                    date: 2025-09-18 10:40:22
(epstopdf)                    size: 18791 bytes
(epstopdf)             Output file: <Images/50031_VF1_-eps-converted-to.pdf>
(epstopdf)                    date: 2025-09-18 10:40:22
(epstopdf)                    size: 9783 bytes
(epstopdf)             Command: <repstopdf --outfile=Images/50031_VF1_-eps-conv
erted-to.pdf Images/50031_VF1_.eps>
(epstopdf)             \includegraphics on input line 370.
Package epstopdf Info: Output file is already uptodate.
<Images/50031_VF1_-eps-converted-to.pdf, id=248, 506.89375pt x 397.485pt>
File: Images/50031_VF1_-eps-converted-to.pdf Graphic file (type pdf)
<use Images/50031_VF1_-eps-converted-to.pdf>
Package pdftex.def Info: Images/50031_VF1_-eps-converted-to.pdf  used on input 
line 370.
(pdftex.def)             Requested size: 124.80286pt x 97.86078pt.
Package epstopdf Info: Source file: <Images/50031_VF2_.eps>
(epstopdf)                    date: 2025-09-18 10:40:22
(epstopdf)                    size: 19859 bytes
(epstopdf)             Output file: <Images/50031_VF2_-eps-converted-to.pdf>
(epstopdf)                    date: 2025-09-18 10:40:22
(epstopdf)                    size: 9873 bytes
(epstopdf)             Command: <repstopdf --outfile=Images/50031_VF2_-eps-conv
erted-to.pdf Images/50031_VF2_.eps>
(epstopdf)             \includegraphics on input line 371.
Package epstopdf Info: Output file is already uptodate.
<Images/50031_VF2_-eps-converted-to.pdf, id=249, 506.89375pt x 397.485pt>
File: Images/50031_VF2_-eps-converted-to.pdf Graphic file (type pdf)
<use Images/50031_VF2_-eps-converted-to.pdf>
Package pdftex.def Info: Images/50031_VF2_-eps-converted-to.pdf  used on input 
line 371.
(pdftex.def)             Requested size: 124.80286pt x 97.86078pt.
Package epstopdf Info: Source file: <Images/50031_Is_.eps>
(epstopdf)                    date: 2025-09-18 10:40:22
(epstopdf)                    size: 19605 bytes
(epstopdf)             Output file: <Images/50031_Is_-eps-converted-to.pdf>
(epstopdf)                    date: 2025-09-18 10:40:22
(epstopdf)                    size: 10160 bytes
(epstopdf)             Command: <repstopdf --outfile=Images/50031_Is_-eps-conve
rted-to.pdf Images/50031_Is_.eps>
(epstopdf)             \includegraphics on input line 372.
Package epstopdf Info: Output file is already uptodate.
<Images/50031_Is_-eps-converted-to.pdf, id=250, 516.93124pt x 397.485pt>
File: Images/50031_Is_-eps-converted-to.pdf Graphic file (type pdf)
<use Images/50031_Is_-eps-converted-to.pdf>
Package pdftex.def Info: Images/50031_Is_-eps-converted-to.pdf  used on input l
ine 372.
(pdftex.def)             Requested size: 124.80286pt x 95.9624pt.
 [12


pdfTeX warning (ext4): destination with the same identifier (name{figure.9}) ha
s been already used, duplicate ignored
<argument> ...shipout:D \box_use:N \l_shipout_box 
                                                  \__shipout_drop_firstpage_...
l.382 
      
pdfTeX warning (ext4): destination with the same identifier (name{figure.10}) h
as been already used, duplicate ignored
<argument> ...shipout:D \box_use:N \l_shipout_box 
                                                  \__shipout_drop_firstpage_...
l.382 
       <./Images/50030_VF1_-eps-converted-to.pdf> <./Images/50030_VF2_-eps-conv
erted-to.pdf> <./Images/50030_Is_-eps-converted-to.pdf> <./Images/50030_VF1_RMS
-eps-converted-to.pdf> <./Images/50030_VF2_RMS-eps-converted-to.pdf> <./Images/
50030_Is_RMS-eps-converted-to.pdf>]
Package epstopdf Info: Source file: <Images/50031_VF1_RMS.eps>
(epstopdf)                    date: 2025-09-18 10:40:22
(epstopdf)                    size: 19896 bytes
(epstopdf)             Output file: <Images/50031_VF1_RMS-eps-converted-to.pdf>

(epstopdf)                    date: 2025-09-18 10:40:22
(epstopdf)                    size: 10289 bytes
(epstopdf)             Command: <repstopdf --outfile=Images/50031_VF1_RMS-eps-c
onverted-to.pdf Images/50031_VF1_RMS.eps>
(epstopdf)             \includegraphics on input line 385.
Package epstopdf Info: Output file is already uptodate.
<Images/50031_VF1_RMS-eps-converted-to.pdf, id=290, 510.90875pt x 397.485pt>
File: Images/50031_VF1_RMS-eps-converted-to.pdf Graphic file (type pdf)
<use Images/50031_VF1_RMS-eps-converted-to.pdf>
Package pdftex.def Info: Images/50031_VF1_RMS-eps-converted-to.pdf  used on inp
ut line 385.
(pdftex.def)             Requested size: 124.80286pt x 97.09052pt.
Package epstopdf Info: Source file: <Images/50031_VF2_RMS.eps>
(epstopdf)                    date: 2025-09-18 10:40:22
(epstopdf)                    size: 19885 bytes
(epstopdf)             Output file: <Images/50031_VF2_RMS-eps-converted-to.pdf>

(epstopdf)                    date: 2025-09-18 10:40:22
(epstopdf)                    size: 10253 bytes
(epstopdf)             Command: <repstopdf --outfile=Images/50031_VF2_RMS-eps-c
onverted-to.pdf Images/50031_VF2_RMS.eps>
(epstopdf)             \includegraphics on input line 386.
Package epstopdf Info: Output file is already uptodate.
<Images/50031_VF2_RMS-eps-converted-to.pdf, id=291, 510.90875pt x 397.485pt>
File: Images/50031_VF2_RMS-eps-converted-to.pdf Graphic file (type pdf)
<use Images/50031_VF2_RMS-eps-converted-to.pdf>
Package pdftex.def Info: Images/50031_VF2_RMS-eps-converted-to.pdf  used on inp
ut line 386.
(pdftex.def)             Requested size: 124.80286pt x 97.09052pt.
Package epstopdf Info: Source file: <Images/50031_Is_RMS.eps>
(epstopdf)                    date: 2025-09-18 10:40:22
(epstopdf)                    size: 20160 bytes
(epstopdf)             Output file: <Images/50031_Is_RMS-eps-converted-to.pdf>
(epstopdf)                    date: 2025-09-18 10:40:22
(epstopdf)                    size: 10594 bytes
(epstopdf)             Command: <repstopdf --outfile=Images/50031_Is_RMS-eps-co
nverted-to.pdf Images/50031_Is_RMS.eps>
(epstopdf)             \includegraphics on input line 387.
Package epstopdf Info: Output file is already uptodate.
<Images/50031_Is_RMS-eps-converted-to.pdf, id=292, 519.9425pt x 397.485pt>
File: Images/50031_Is_RMS-eps-converted-to.pdf Graphic file (type pdf)
<use Images/50031_Is_RMS-eps-converted-to.pdf>
Package pdftex.def Info: Images/50031_Is_RMS-eps-converted-to.pdf  used on inpu
t line 387.
(pdftex.def)             Requested size: 124.80286pt x 95.4044pt.
<Images/Rake_D_low_density.pdf, id=293, 510.68121pt x 304.87247pt>
File: Images/Rake_D_low_density.pdf Graphic file (type pdf)
<use Images/Rake_D_low_density.pdf>
Package pdftex.def Info: Images/Rake_D_low_density.pdf  used on input line 398.

(pdftex.def)             Requested size: 390.0pt x 232.8359pt.
<Images/Rake_D_low_density_2.pdf, id=294, 510.68121pt x 452.69882pt>
File: Images/Rake_D_low_density_2.pdf Graphic file (type pdf)
<use Images/Rake_D_low_density_2.pdf>
Package pdftex.def Info: Images/Rake_D_low_density_2.pdf  used on input line 41
1.
(pdftex.def)             Requested size: 390.0pt x 345.73322pt.
 [13
pdfTeX warning (ext4): destination with the same identifier (name{figure.11}) h
as been already used, duplicate ignored
<argument> ...shipout:D \box_use:N \l_shipout_box 
                                                  \__shipout_drop_firstpage_...
l.422 
      
pdfTeX warning (ext4): destination with the same identifier (name{figure.12}) h
as been already used, duplicate ignored
<argument> ...shipout:D \box_use:N \l_shipout_box 
                                                  \__shipout_drop_firstpage_...
l.422 
       <./Images/50031_VF1_-eps-converted-to.pdf> <./Images/50031_VF2_-eps-conv
erted-to.pdf> <./Images/50031_Is_-eps-converted-to.pdf> <./Images/50031_VF1_RMS
-eps-converted-to.pdf> <./Images/50031_VF2_RMS-eps-converted-to.pdf> <./Images/
50031_Is_RMS-eps-converted-to.pdf>]
Package epstopdf Info: Source file: <Images/50037_LRC.eps>
(epstopdf)                    date: 2025-09-18 10:40:22
(epstopdf)                    size: 24453 bytes
(epstopdf)             Output file: <Images/50037_LRC-eps-converted-to.pdf>
(epstopdf)                    date: 2025-09-18 10:40:22
(epstopdf)                    size: 18187 bytes
(epstopdf)             Command: <repstopdf --outfile=Images/50037_LRC-eps-conve
rted-to.pdf Images/50037_LRC.eps>
(epstopdf)             \includegraphics on input line 425.
Package epstopdf Info: Output file is already uptodate.
<Images/50037_LRC-eps-converted-to.pdf, id=335, 562.1pt x 421.575pt>
File: Images/50037_LRC-eps-converted-to.pdf Graphic file (type pdf)
<use Images/50037_LRC-eps-converted-to.pdf>
Package pdftex.def Info: Images/50037_LRC-eps-converted-to.pdf  used on input l
ine 425.
(pdftex.def)             Requested size: 292.5pt x 219.37463pt.
 [14
pdfTeX warning (ext4): destination with the same identifier (name{figure.13}) h
as been already used, duplicate ignored
<argument> ...shipout:D \box_use:N \l_shipout_box 
                                                  \__shipout_drop_firstpage_...
l.442 
       <./Images/Rake_D_low_density.pdf>] [15
pdfTeX warning (ext4): destination with the same identifier (name{figure.14}) h
as been already used, duplicate ignored
<argument> ...shipout:D \box_use:N \l_shipout_box 
                                                  \__shipout_drop_firstpage_...
l.447 S
       o what could the explanation for the observations of density modulati...
 <./Images/Rake_D_low_density_2.pdf>]
<Images/transition_1.pdf, id=356, 493.845pt x 329.23003pt>
File: Images/transition_1.pdf Graphic file (type pdf)
<use Images/transition_1.pdf>
Package pdftex.def Info: Images/transition_1.pdf  used on input line 459.
(pdftex.def)             Requested size: 390.0pt x 259.99844pt.
<Images/transition_2.pdf, id=357, 493.84503pt x 164.61497pt>
File: Images/transition_2.pdf Graphic file (type pdf)
<use Images/transition_2.pdf>
Package pdftex.def Info: Images/transition_2.pdf  used on input line 468.
(pdftex.def)             Requested size: 390.0pt x 129.99918pt.
<Images/transition_3.pdf, id=358, 493.60199pt x 329.23pt>
File: Images/transition_3.pdf Graphic file (type pdf)
<use Images/transition_3.pdf>
Package pdftex.def Info: Images/transition_3.pdf  used on input line 475.
(pdftex.def)             Requested size: 390.0pt x 260.12903pt.
<Images/transition_4.pdf, id=359, 493.845pt x 164.61502pt>
File: Images/transition_4.pdf Graphic file (type pdf)
<use Images/transition_4.pdf>
Package pdftex.def Info: Images/transition_4.pdf  used on input line 483.
(pdftex.def)             Requested size: 390.0pt x 129.99922pt.
<Images/transition_5.pdf, id=360, 246.92252pt x 329.23pt>
File: Images/transition_5.pdf Graphic file (type pdf)
<use Images/transition_5.pdf>
Package pdftex.def Info: Images/transition_5.pdf  used on input line 491.
(pdftex.def)             Requested size: 195.0pt x 259.99841pt.
 [16
pdfTeX warning (ext4): destination with the same identifier (name{figure.15}) h
as been already used, duplicate ignored
<argument> ...shipout:D \box_use:N \l_shipout_box 
                                                  \__shipout_drop_firstpage_...
l.499 \clearpage
                 <./Images/50037_LRC-eps-converted-to.pdf>]

LaTeX Warning: Text page 17 contains only floats.


Overfull \vbox (2.82745pt too high) has occurred while \output is active []


[17
pdfTeX warning (ext4): destination with the same identifier (name{figure.16}) h
as been already used, duplicate ignored
<argument> ...shipout:D \box_use:N \l_shipout_box 
                                                  \__shipout_drop_firstpage_...
l.499 \clearpage
                
pdfTeX warning (ext4): destination with the same identifier (name{figure.17}) h
as been already used, duplicate ignored
<argument> ...shipout:D \box_use:N \l_shipout_box 
                                                  \__shipout_drop_firstpage_...
l.499 \clearpage
                 <./Images/transition_1.pdf> <./Images/transition_2.pdf

pdfTeX warning: pdflatex (file ./Images/transition_2.pdf): PDF inclusion: multi
ple pdfs with page group included in a single page
>] [18
pdfTeX warning (ext4): destination with the same identifier (name{figure.18}) h
as been already used, duplicate ignored
<argument> ...shipout:D \box_use:N \l_shipout_box 
                                                  \__shipout_drop_firstpage_...
l.499 \clearpage
                
pdfTeX warning (ext4): destination with the same identifier (name{figure.19}) h
as been already used, duplicate ignored
<argument> ...shipout:D \box_use:N \l_shipout_box 
                                                  \__shipout_drop_firstpage_...
l.499 \clearpage
                 <./Images/transition_3.pdf> <./Images/transition_4.pdf

pdfTeX warning: pdflatex (file ./Images/transition_4.pdf): PDF inclusion: multi
ple pdfs with page group included in a single page
>] [19
pdfTeX warning (ext4): destination with the same identifier (name{figure.20}) h
as been already used, duplicate ignored
<argument> ...shipout:D \box_use:N \l_shipout_box 
                                                  \__shipout_drop_firstpage_...
l.499 \clearpage
                 <./Images/transition_5.pdf>]
<Images/50019_ECE.pdf, id=409, 492.1587pt x 328.1058pt>
File: Images/50019_ECE.pdf Graphic file (type pdf)
<use Images/50019_ECE.pdf>
Package pdftex.def Info: Images/50019_ECE.pdf  used on input line 511.
(pdftex.def)             Requested size: 390.0pt x 259.99677pt.
<Images/50024_ECE.pdf, id=410, 492.1587pt x 328.10583pt>
File: Images/50024_ECE.pdf Graphic file (type pdf)
<use Images/50024_ECE.pdf>
Package pdftex.def Info: Images/50024_ECE.pdf  used on input line 518.
(pdftex.def)             Requested size: 390.0pt x 259.9968pt.
<Images/50031_ECE.pdf, id=411, 492.1587pt x 328.10574pt>
File: Images/50031_ECE.pdf Graphic file (type pdf)
<use Images/50031_ECE.pdf>
Package pdftex.def Info: Images/50031_ECE.pdf  used on input line 524.
(pdftex.def)             Requested size: 390.0pt x 259.99672pt.
<Images/50033_ECE.pdf, id=412, 492.1587pt x 328.1058pt>
File: Images/50033_ECE.pdf Graphic file (type pdf)
<use Images/50033_ECE.pdf>
Package pdftex.def Info: Images/50033_ECE.pdf  used on input line 530.
(pdftex.def)             Requested size: 390.0pt x 259.99677pt.
<Images/50035_ECE.pdf, id=413, 492.1587pt x 328.10583pt>
File: Images/50035_ECE.pdf Graphic file (type pdf)
<use Images/50035_ECE.pdf>
Package pdftex.def Info: Images/50035_ECE.pdf  used on input line 536.
(pdftex.def)             Requested size: 390.0pt x 259.9968pt.
<Images/50036_ECE.pdf, id=414, 492.1587pt x 328.10574pt>
File: Images/50036_ECE.pdf Graphic file (type pdf)
<use Images/50036_ECE.pdf>
Package pdftex.def Info: Images/50036_ECE.pdf  used on input line 542.
(pdftex.def)             Requested size: 390.0pt x 259.99672pt.
 [20


pdfTeX warning (ext4): destination with the same identifier (name{figure.21}) h
as been already used, duplicate ignored
<argument> ...shipout:D \box_use:N \l_shipout_box 
                                                  \__shipout_drop_firstpage_...
l.548 \clearpage
                 <./Images/50019_ECE.pdf>] [21
pdfTeX warning (ext4): destination with the same identifier (name{figure.22}) h
as been already used, duplicate ignored
<argument> ...shipout:D \box_use:N \l_shipout_box 
                                                  \__shipout_drop_firstpage_...
l.548 \clearpage
                 <./Images/50024_ECE.pdf>] [22
pdfTeX warning (ext4): destination with the same identifier (name{figure.23}) h
as been already used, duplicate ignored
<argument> ...shipout:D \box_use:N \l_shipout_box 
                                                  \__shipout_drop_firstpage_...
l.548 \clearpage
                 <./Images/50031_ECE.pdf>] [23
pdfTeX warning (ext4): destination with the same identifier (name{figure.24}) h
as been already used, duplicate ignored
<argument> ...shipout:D \box_use:N \l_shipout_box 
                                                  \__shipout_drop_firstpage_...
l.548 \clearpage
                 <./Images/50033_ECE.pdf>] [24
pdfTeX warning (ext4): destination with the same identifier (name{figure.25}) h
as been already used, duplicate ignored
<argument> ...shipout:D \box_use:N \l_shipout_box 
                                                  \__shipout_drop_firstpage_...
l.548 \clearpage
                 <./Images/50035_ECE.pdf>] [25
pdfTeX warning (ext4): destination with the same identifier (name{figure.26}) h
as been already used, duplicate ignored
<argument> ...shipout:D \box_use:N \l_shipout_box 
                                                  \__shipout_drop_firstpage_...
l.548 \clearpage
                 <./Images/50036_ECE.pdf>] (./main.bbl [26

]) [27] (./main.aux)
Package rerunfilecheck Info: File `main.out' has not changed.
(rerunfilecheck)             Checksum: 6F54B9FC9E262B7D0C0C48F57F17076A;2819.
 ) 
Here is how much of TeX's memory you used:
 26381 strings out of 476025
 483299 string characters out of 5790018
 1911388 words of memory out of 5000000
 46152 multiletter control sequences out of 15000+600000
 565940 words of font info for 168 fonts, out of 8000000 for 9000
 1141 hyphenation exceptions out of 8191
 79i,9n,80p,1063b,615s stack positions out of 10000i,1000n,20000p,200000b,200000s
</usr/local/texlive/2023/texmf-dist/fonts/type1/public/amsfonts/cm/cmex10.pfb
></usr/local/texlive/2023/texmf-dist/fonts/type1/public/amsfonts/cm/cmmi10.pfb>
</usr/local/texlive/2023/texmf-dist/fonts/type1/public/amsfonts/cm/cmr10.pfb></
usr/local/texlive/2023/texmf-dist/fonts/type1/public/amsfonts/cm/cmsy10.pfb></u
sr/local/texlive/2023/texmf-dist/fonts/type1/urw/symbol/usyr.pfb></usr/local/te
xlive/2023/texmf-dist/fonts/type1/urw/symbol/usyr.pfb></usr/local/texlive/2023/
texmf-dist/fonts/type1/urw/times/utmb8a.pfb></usr/local/texlive/2023/texmf-dist
/fonts/type1/urw/times/utmr8a.pfb></usr/local/texlive/2023/texmf-dist/fonts/typ
e1/urw/times/utmri8a.pfb>
Output written on main.pdf (27 pages, 41865473 bytes).
PDF statistics:
 601 PDF objects out of 1000 (max. 8388607)
 463 compressed objects within 5 object streams
 92 named destinations out of 1000 (max. 500000)
 327 words of extra memory for PDF output out of 10000 (max. 10000000)

